mode: set
github.com/Ulbora/go-mail-sender/mockSender.go:13.57,15.2 1 1
github.com/Ulbora/go-mail-sender/mockSender.go:18.43,22.2 3 1
github.com/Ulbora/go-mail-sender/mockSender.go:34.58,36.2 1 1
github.com/Ulbora/go-mail-sender/mockSender.go:39.44,43.2 3 1
github.com/Ulbora/go-mail-sender/sender.go:31.53,33.60 2 1
github.com/Ulbora/go-mail-sender/sender.go:57.2,57.12 1 1
github.com/Ulbora/go-mail-sender/sender.go:33.60,36.36 3 1
github.com/Ulbora/go-mail-sender/sender.go:42.3,51.17 4 1
github.com/Ulbora/go-mail-sender/sender.go:36.36,38.36 2 1
github.com/Ulbora/go-mail-sender/sender.go:38.36,40.5 1 1
github.com/Ulbora/go-mail-sender/sender.go:51.17,53.4 1 1
github.com/Ulbora/go-mail-sender/sender.go:53.9,55.4 1 1
github.com/Ulbora/go-mail-sender/sender.go:61.39,65.2 3 1
github.com/Ulbora/go-mail-sender/sender.go:76.54,78.60 2 1
github.com/Ulbora/go-mail-sender/sender.go:141.2,141.12 1 1
github.com/Ulbora/go-mail-sender/sender.go:78.60,85.18 7 1
github.com/Ulbora/go-mail-sender/sender.go:85.18,87.19 2 1
github.com/Ulbora/go-mail-sender/sender.go:87.19,89.20 2 1
github.com/Ulbora/go-mail-sender/sender.go:133.5,133.18 1 1
github.com/Ulbora/go-mail-sender/sender.go:89.20,91.21 2 1
github.com/Ulbora/go-mail-sender/sender.go:91.21,93.40 2 1
github.com/Ulbora/go-mail-sender/sender.go:103.7,106.22 3 1
github.com/Ulbora/go-mail-sender/sender.go:93.40,95.40 2 1
github.com/Ulbora/go-mail-sender/sender.go:98.8,99.23 2 1
github.com/Ulbora/go-mail-sender/sender.go:95.40,97.9 1 1
github.com/Ulbora/go-mail-sender/sender.go:99.23,101.9 1 0
github.com/Ulbora/go-mail-sender/sender.go:106.22,114.23 3 1
github.com/Ulbora/go-mail-sender/sender.go:114.23,116.24 2 1
github.com/Ulbora/go-mail-sender/sender.go:116.24,118.10 1 1
github.com/Ulbora/go-mail-sender/sender.go:118.15,120.10 1 0
github.com/Ulbora/go-mail-sender/sender.go:121.14,123.9 1 0
github.com/Ulbora/go-mail-sender/sender.go:124.13,126.8 1 0
github.com/Ulbora/go-mail-sender/sender.go:127.12,129.7 1 0
github.com/Ulbora/go-mail-sender/sender.go:130.11,132.6 1 0
github.com/Ulbora/go-mail-sender/sender.go:134.10,136.5 1 0
github.com/Ulbora/go-mail-sender/sender.go:137.9,139.4 1 0
github.com/Ulbora/go-mail-sender/sender.go:145.40,149.2 3 1
